[2023-11-08T07:42:54.626-0300] {manager.py:487} INFO - Processing files using up to 1 processes at a time 
[2023-11-08T07:42:54.626-0300] {manager.py:488} INFO - Process each file at most once every 30 seconds
[2023-11-08T07:42:54.626-0300] {manager.py:489} INFO - Checking for new files in /home/phillipefs/spark-applications/pyspark-end-to-end-application/airflow/dags every 300 seconds
[2023-11-08T07:42:54.626-0300] {manager.py:758} INFO - Searching for files in /home/phillipefs/spark-applications/pyspark-end-to-end-application/airflow/dags
[2023-11-08T07:42:54.626-0300] {manager.py:761} INFO - There are 0 files in /home/phillipefs/spark-applications/pyspark-end-to-end-application/airflow/dags
[2023-11-08T07:47:54.633-0300] {manager.py:758} INFO - Searching for files in /home/phillipefs/spark-applications/pyspark-end-to-end-application/airflow/dags
[2023-11-08T07:47:54.633-0300] {manager.py:761} INFO - There are 0 files in /home/phillipefs/spark-applications/pyspark-end-to-end-application/airflow/dags
[2023-11-08T07:52:54.677-0300] {manager.py:758} INFO - Searching for files in /home/phillipefs/spark-applications/pyspark-end-to-end-application/airflow/dags
[2023-11-08T07:52:54.677-0300] {manager.py:761} INFO - There are 0 files in /home/phillipefs/spark-applications/pyspark-end-to-end-application/airflow/dags
[2023-11-08T07:57:54.714-0300] {manager.py:758} INFO - Searching for files in /home/phillipefs/spark-applications/pyspark-end-to-end-application/airflow/dags
[2023-11-08T07:57:54.714-0300] {manager.py:761} INFO - There are 1 files in /home/phillipefs/spark-applications/pyspark-end-to-end-application/airflow/dags
[2023-11-08T07:57:55.978-0300] {manager.py:889} INFO - 
================================================================================
DAG File Processing Stats

File Path                                                                                                  PID    Runtime      # DAGs    # Errors  Last Runtime    Last Run
---------------------------------------------------------------------------------------------------------  -----  ---------  --------  ----------  --------------  -------------------
/home/phillipefs/spark-applications/pyspark-end-to-end-application/airflow/dags/dag_prescriber_reseach.py                           1           0  0.10s           2023-11-08T10:57:54
================================================================================
[2023-11-08T07:58:26.061-0300] {manager.py:889} INFO - 
================================================================================
DAG File Processing Stats

File Path                                                                                                  PID    Runtime      # DAGs    # Errors  Last Runtime    Last Run
---------------------------------------------------------------------------------------------------------  -----  ---------  --------  ----------  --------------  -------------------
/home/phillipefs/spark-applications/pyspark-end-to-end-application/airflow/dags/dag_prescriber_reseach.py                           1           0  0.10s           2023-11-08T10:58:25
================================================================================
[2023-11-08T07:58:56.106-0300] {manager.py:889} INFO - 
================================================================================
DAG File Processing Stats

File Path                                                                                                  PID    Runtime      # DAGs    # Errors  Last Runtime    Last Run
---------------------------------------------------------------------------------------------------------  -----  ---------  --------  ----------  --------------  -------------------
/home/phillipefs/spark-applications/pyspark-end-to-end-application/airflow/dags/dag_prescriber_reseach.py                           1           0  0.10s           2023-11-08T10:58:50
================================================================================
[2023-11-08T07:59:26.152-0300] {manager.py:889} INFO - 
================================================================================
DAG File Processing Stats

File Path                                                                                                  PID    Runtime      # DAGs    # Errors  Last Runtime    Last Run
---------------------------------------------------------------------------------------------------------  -----  ---------  --------  ----------  --------------  -------------------
/home/phillipefs/spark-applications/pyspark-end-to-end-application/airflow/dags/dag_prescriber_reseach.py                           1           0  0.10s           2023-11-08T10:59:20
================================================================================
[2023-11-08T07:59:56.197-0300] {manager.py:889} INFO - 
================================================================================
DAG File Processing Stats

File Path                                                                                                  PID    Runtime      # DAGs    # Errors  Last Runtime    Last Run
---------------------------------------------------------------------------------------------------------  -----  ---------  --------  ----------  --------------  -------------------
/home/phillipefs/spark-applications/pyspark-end-to-end-application/airflow/dags/dag_prescriber_reseach.py                           1           0  0.10s           2023-11-08T10:59:50
================================================================================
[2023-11-08T08:00:26.242-0300] {manager.py:889} INFO - 
================================================================================
DAG File Processing Stats

File Path                                                                                                  PID    Runtime      # DAGs    # Errors  Last Runtime    Last Run
---------------------------------------------------------------------------------------------------------  -----  ---------  --------  ----------  --------------  -------------------
/home/phillipefs/spark-applications/pyspark-end-to-end-application/airflow/dags/dag_prescriber_reseach.py                           1           0  0.10s           2023-11-08T11:00:21
================================================================================
[2023-11-08T08:00:56.285-0300] {manager.py:889} INFO - 
================================================================================
DAG File Processing Stats

File Path                                                                                                  PID    Runtime      # DAGs    # Errors  Last Runtime    Last Run
---------------------------------------------------------------------------------------------------------  -----  ---------  --------  ----------  --------------  -------------------
/home/phillipefs/spark-applications/pyspark-end-to-end-application/airflow/dags/dag_prescriber_reseach.py                           1           0  0.10s           2023-11-08T11:00:51
================================================================================
[2023-11-08T08:01:26.330-0300] {manager.py:889} INFO - 
================================================================================
DAG File Processing Stats

File Path                                                                                                  PID    Runtime      # DAGs    # Errors  Last Runtime    Last Run
---------------------------------------------------------------------------------------------------------  -----  ---------  --------  ----------  --------------  -------------------
/home/phillipefs/spark-applications/pyspark-end-to-end-application/airflow/dags/dag_prescriber_reseach.py                           1           0  0.10s           2023-11-08T11:01:21
================================================================================
[2023-11-08T08:01:56.377-0300] {manager.py:889} INFO - 
================================================================================
DAG File Processing Stats

File Path                                                                                                  PID    Runtime      # DAGs    # Errors  Last Runtime    Last Run
---------------------------------------------------------------------------------------------------------  -----  ---------  --------  ----------  --------------  -------------------
/home/phillipefs/spark-applications/pyspark-end-to-end-application/airflow/dags/dag_prescriber_reseach.py                           1           0  0.10s           2023-11-08T11:01:51
================================================================================
[2023-11-08T08:02:26.423-0300] {manager.py:889} INFO - 
================================================================================
DAG File Processing Stats

File Path                                                                                                  PID    Runtime      # DAGs    # Errors  Last Runtime    Last Run
---------------------------------------------------------------------------------------------------------  -----  ---------  --------  ----------  --------------  -------------------
/home/phillipefs/spark-applications/pyspark-end-to-end-application/airflow/dags/dag_prescriber_reseach.py                           1           0  0.10s           2023-11-08T11:02:21
================================================================================
[2023-11-08T08:02:54.841-0300] {manager.py:758} INFO - Searching for files in /home/phillipefs/spark-applications/pyspark-end-to-end-application/airflow/dags
[2023-11-08T08:02:54.842-0300] {manager.py:761} INFO - There are 1 files in /home/phillipefs/spark-applications/pyspark-end-to-end-application/airflow/dags
[2023-11-08T08:02:56.469-0300] {manager.py:889} INFO - 
================================================================================
DAG File Processing Stats

File Path                                                                                                  PID    Runtime      # DAGs    # Errors  Last Runtime    Last Run
---------------------------------------------------------------------------------------------------------  -----  ---------  --------  ----------  --------------  -------------------
/home/phillipefs/spark-applications/pyspark-end-to-end-application/airflow/dags/dag_prescriber_reseach.py                           1           0  0.10s           2023-11-08T11:02:52
================================================================================
[2023-11-08T08:03:26.514-0300] {manager.py:889} INFO - 
================================================================================
DAG File Processing Stats

File Path                                                                                                  PID    Runtime      # DAGs    # Errors  Last Runtime    Last Run
---------------------------------------------------------------------------------------------------------  -----  ---------  --------  ----------  --------------  -------------------
/home/phillipefs/spark-applications/pyspark-end-to-end-application/airflow/dags/dag_prescriber_reseach.py                           1           0  0.10s           2023-11-08T11:03:22
================================================================================
[2023-11-08T08:03:56.558-0300] {manager.py:889} INFO - 
================================================================================
DAG File Processing Stats

File Path                                                                                                  PID    Runtime      # DAGs    # Errors  Last Runtime    Last Run
---------------------------------------------------------------------------------------------------------  -----  ---------  --------  ----------  --------------  -------------------
/home/phillipefs/spark-applications/pyspark-end-to-end-application/airflow/dags/dag_prescriber_reseach.py                           1           0  0.10s           2023-11-08T11:03:52
================================================================================
[2023-11-08T08:04:26.611-0300] {manager.py:889} INFO - 
================================================================================
DAG File Processing Stats

File Path                                                                                                  PID    Runtime      # DAGs    # Errors  Last Runtime    Last Run
---------------------------------------------------------------------------------------------------------  -----  ---------  --------  ----------  --------------  -------------------
/home/phillipefs/spark-applications/pyspark-end-to-end-application/airflow/dags/dag_prescriber_reseach.py                           1           0  0.10s           2023-11-08T11:04:22
================================================================================
[2023-11-08T08:04:56.656-0300] {manager.py:889} INFO - 
================================================================================
DAG File Processing Stats

File Path                                                                                                  PID    Runtime      # DAGs    # Errors  Last Runtime    Last Run
---------------------------------------------------------------------------------------------------------  -----  ---------  --------  ----------  --------------  -------------------
/home/phillipefs/spark-applications/pyspark-end-to-end-application/airflow/dags/dag_prescriber_reseach.py                           1           0  0.10s           2023-11-08T11:04:52
================================================================================
[2023-11-08T08:05:26.699-0300] {manager.py:889} INFO - 
================================================================================
DAG File Processing Stats

File Path                                                                                                  PID    Runtime      # DAGs    # Errors  Last Runtime    Last Run
---------------------------------------------------------------------------------------------------------  -----  ---------  --------  ----------  --------------  -------------------
/home/phillipefs/spark-applications/pyspark-end-to-end-application/airflow/dags/dag_prescriber_reseach.py                           1           0  0.10s           2023-11-08T11:05:23
================================================================================
[2023-11-08T08:05:56.745-0300] {manager.py:889} INFO - 
================================================================================
DAG File Processing Stats

File Path                                                                                                  PID    Runtime      # DAGs    # Errors  Last Runtime    Last Run
---------------------------------------------------------------------------------------------------------  -----  ---------  --------  ----------  --------------  -------------------
/home/phillipefs/spark-applications/pyspark-end-to-end-application/airflow/dags/dag_prescriber_reseach.py                           1           0  0.10s           2023-11-08T11:05:53
================================================================================
[2023-11-08T08:06:26.790-0300] {manager.py:889} INFO - 
================================================================================
DAG File Processing Stats

File Path                                                                                                  PID    Runtime      # DAGs    # Errors  Last Runtime    Last Run
---------------------------------------------------------------------------------------------------------  -----  ---------  --------  ----------  --------------  -------------------
/home/phillipefs/spark-applications/pyspark-end-to-end-application/airflow/dags/dag_prescriber_reseach.py                           1           0  0.10s           2023-11-08T11:06:23
================================================================================
[2023-11-08T08:06:56.837-0300] {manager.py:889} INFO - 
================================================================================
DAG File Processing Stats

File Path                                                                                                  PID    Runtime      # DAGs    # Errors  Last Runtime    Last Run
---------------------------------------------------------------------------------------------------------  -----  ---------  --------  ----------  --------------  -------------------
/home/phillipefs/spark-applications/pyspark-end-to-end-application/airflow/dags/dag_prescriber_reseach.py                           1           0  0.10s           2023-11-08T11:06:53
================================================================================
[2023-11-08T08:07:26.884-0300] {manager.py:889} INFO - 
================================================================================
DAG File Processing Stats

File Path                                                                                                  PID    Runtime      # DAGs    # Errors  Last Runtime    Last Run
---------------------------------------------------------------------------------------------------------  -----  ---------  --------  ----------  --------------  -------------------
/home/phillipefs/spark-applications/pyspark-end-to-end-application/airflow/dags/dag_prescriber_reseach.py                           1           0  0.10s           2023-11-08T11:07:23
================================================================================
[2023-11-08T08:07:54.871-0300] {manager.py:758} INFO - Searching for files in /home/phillipefs/spark-applications/pyspark-end-to-end-application/airflow/dags
[2023-11-08T08:07:54.872-0300] {manager.py:761} INFO - There are 1 files in /home/phillipefs/spark-applications/pyspark-end-to-end-application/airflow/dags
[2023-11-08T08:07:56.931-0300] {manager.py:889} INFO - 
================================================================================
DAG File Processing Stats

File Path                                                                                                  PID    Runtime      # DAGs    # Errors  Last Runtime    Last Run
---------------------------------------------------------------------------------------------------------  -----  ---------  --------  ----------  --------------  -------------------
/home/phillipefs/spark-applications/pyspark-end-to-end-application/airflow/dags/dag_prescriber_reseach.py                           1           0  0.10s           2023-11-08T11:07:54
================================================================================
[2023-11-08T08:08:26.978-0300] {manager.py:889} INFO - 
================================================================================
DAG File Processing Stats

File Path                                                                                                  PID    Runtime      # DAGs    # Errors  Last Runtime    Last Run
---------------------------------------------------------------------------------------------------------  -----  ---------  --------  ----------  --------------  -------------------
/home/phillipefs/spark-applications/pyspark-end-to-end-application/airflow/dags/dag_prescriber_reseach.py                           1           0  0.10s           2023-11-08T11:08:24
================================================================================
[2023-11-08T08:08:57.024-0300] {manager.py:889} INFO - 
================================================================================
DAG File Processing Stats

File Path                                                                                                  PID    Runtime      # DAGs    # Errors  Last Runtime    Last Run
---------------------------------------------------------------------------------------------------------  -----  ---------  --------  ----------  --------------  -------------------
/home/phillipefs/spark-applications/pyspark-end-to-end-application/airflow/dags/dag_prescriber_reseach.py                           1           0  0.10s           2023-11-08T11:08:54
================================================================================
[2023-11-08T08:09:21.612-0300] {manager.py:470} INFO - Exiting gracefully upon receiving signal 15
[2023-11-08T08:14:35.282-0300] {manager.py:487} INFO - Processing files using up to 1 processes at a time 
[2023-11-08T08:14:35.282-0300] {manager.py:488} INFO - Process each file at most once every 30 seconds
[2023-11-08T08:14:35.282-0300] {manager.py:489} INFO - Checking for new files in /home/phillipefs/spark-applications/pyspark-end-to-end-application/airflow/dags every 300 seconds
[2023-11-08T08:14:35.282-0300] {manager.py:758} INFO - Searching for files in /home/phillipefs/spark-applications/pyspark-end-to-end-application/airflow/dags
[2023-11-08T08:14:35.283-0300] {manager.py:761} INFO - There are 1 files in /home/phillipefs/spark-applications/pyspark-end-to-end-application/airflow/dags
[2023-11-08T08:14:35.402-0300] {manager.py:889} INFO - 
================================================================================
DAG File Processing Stats

File Path                                                                                                  PID    Runtime      # DAGs    # Errors  Last Runtime    Last Run
---------------------------------------------------------------------------------------------------------  -----  ---------  --------  ----------  --------------  -------------------
/home/phillipefs/spark-applications/pyspark-end-to-end-application/airflow/dags/dag_prescriber_reseach.py                           1           0  0.10s           2023-11-08T11:14:35
================================================================================
[2023-11-08T08:15:05.518-0300] {manager.py:889} INFO - 
================================================================================
DAG File Processing Stats

File Path                                                                                                  PID    Runtime      # DAGs    # Errors  Last Runtime    Last Run
---------------------------------------------------------------------------------------------------------  -----  ---------  --------  ----------  --------------  -------------------
/home/phillipefs/spark-applications/pyspark-end-to-end-application/airflow/dags/dag_prescriber_reseach.py                           1           0  0.10s           2023-11-08T11:15:05
================================================================================
[2023-11-08T08:15:18.753-0300] {manager.py:470} INFO - Exiting gracefully upon receiving signal 15
