[2023-11-08T07:59:32.423-0300] {taskinstance.py:1103} INFO - Dependencies all met for dep_context=non-requeueable deps ti=<TaskInstance: list_hdfs_directory.list_hdfs_directory manual__2023-11-08T10:59:30.477598+00:00 [queued]>
[2023-11-08T07:59:32.425-0300] {taskinstance.py:1103} INFO - Dependencies all met for dep_context=requeueable deps ti=<TaskInstance: list_hdfs_directory.list_hdfs_directory manual__2023-11-08T10:59:30.477598+00:00 [queued]>
[2023-11-08T07:59:32.425-0300] {taskinstance.py:1308} INFO - Starting attempt 1 of 1
[2023-11-08T07:59:32.432-0300] {taskinstance.py:1327} INFO - Executing <Task(BashOperator): list_hdfs_directory> on 2023-11-08 10:59:30.477598+00:00
[2023-11-08T07:59:32.433-0300] {standard_task_runner.py:57} INFO - Started process 6950 to run task
[2023-11-08T07:59:32.434-0300] {standard_task_runner.py:84} INFO - Running: ['airflow', 'tasks', 'run', 'list_hdfs_directory', 'list_hdfs_directory', 'manual__2023-11-08T10:59:30.477598+00:00', '--job-id', '2', '--raw', '--subdir', 'DAGS_FOLDER/dag_prescriber_reseach.py', '--cfg-path', '/tmp/tmpgxbn_y0s']
[2023-11-08T07:59:32.435-0300] {standard_task_runner.py:85} INFO - Job 2: Subtask list_hdfs_directory
[2023-11-08T07:59:32.451-0300] {task_command.py:410} INFO - Running <TaskInstance: list_hdfs_directory.list_hdfs_directory manual__2023-11-08T10:59:30.477598+00:00 [running]> on host DESKTOP-0KANSSR.localdomain
[2023-11-08T07:59:32.477-0300] {taskinstance.py:1545} INFO - Exporting env vars: AIRFLOW_CTX_DAG_OWNER='phillipefs' AIRFLOW_CTX_DAG_ID='list_hdfs_directory' AIRFLOW_CTX_TASK_ID='list_hdfs_directory' AIRFLOW_CTX_EXECUTION_DATE='2023-11-08T10:59:30.477598+00:00' AIRFLOW_CTX_TRY_NUMBER='1' AIRFLOW_CTX_DAG_RUN_ID='manual__2023-11-08T10:59:30.477598+00:00'
[2023-11-08T07:59:32.477-0300] {subprocess.py:63} INFO - Tmp dir root location: 
 /tmp
[2023-11-08T07:59:32.477-0300] {subprocess.py:75} INFO - Running command: ['/usr/bin/bash', '-c', 'hdfs dfs -ls /']
[2023-11-08T07:59:32.480-0300] {subprocess.py:86} INFO - Output:
[2023-11-08T07:59:33.227-0300] {subprocess.py:93} INFO - Found 5 items
[2023-11-08T07:59:33.228-0300] {subprocess.py:93} INFO - drwxr-xr-x   - phillipefs supergroup          0 2023-11-03 13:46 /application
[2023-11-08T07:59:33.228-0300] {subprocess.py:93} INFO - drwxr-xr-x   - phillipefs supergroup          0 2023-11-02 16:09 /spark3-jars
[2023-11-08T07:59:33.228-0300] {subprocess.py:93} INFO - drwxr-xr-x   - phillipefs supergroup          0 2023-11-07 21:51 /spark3-logs
[2023-11-08T07:59:33.229-0300] {subprocess.py:93} INFO - drwx-wx-wx   - phillipefs supergroup          0 2023-11-02 15:08 /tmp
[2023-11-08T07:59:33.229-0300] {subprocess.py:93} INFO - drwxr-xr-x   - phillipefs supergroup          0 2023-11-02 15:07 /user
[2023-11-08T07:59:33.555-0300] {subprocess.py:97} INFO - Command exited with return code 0
[2023-11-08T07:59:33.568-0300] {taskinstance.py:1345} INFO - Marking task as SUCCESS. dag_id=list_hdfs_directory, task_id=list_hdfs_directory, execution_date=20231108T105930, start_date=20231108T105932, end_date=20231108T105933
[2023-11-08T07:59:33.609-0300] {local_task_job_runner.py:225} INFO - Task exited with return code 0
[2023-11-08T07:59:33.615-0300] {taskinstance.py:2651} INFO - 0 downstream tasks scheduled from follow-on schedule check
