"06-Nov-23 22:37:30" - prescriber_reseach - INFO - spark_session() is started. The 'TEST' envn is used.
"06-Nov-23 22:37:34" - prescriber_reseach - INFO - Spark Object is created...
"06-Nov-23 22:37:35" - prescriber_reseach - INFO - spark_session() is started. The 'TEST' envn is used.
"06-Nov-23 22:37:35" - prescriber_reseach - INFO - Spark Object is created...
"06-Nov-23 22:37:37" - prescriber_reseach - INFO - Validate the Spark object by printing Current Date - 2023-11-06
"06-Nov-23 22:37:37" - prescriber_reseach - INFO - Spark object is validated. Spark Object is ready.
"06-Nov-23 22:37:37" - prescriber_reseach - INFO - load_files() is Started ...
"06-Nov-23 22:37:37" - prescriber_reseach - INFO - spark_session() is started. The 'TEST' envn is used.
"06-Nov-23 22:37:37" - prescriber_reseach - INFO - Spark Object is created...
"06-Nov-23 22:37:40" - prescriber_reseach - INFO - The input File file:////home/phillipefs/spark-applications/pyspark-end-to-end-application/staging/fact/USA_Presc_Medicare_Data_12021.csv is loaded to the data frame. The read_file_to_dataframe() Function is completed.
"06-Nov-23 22:37:40" - prescriber_reseach - INFO - load_files() is Started ...
"06-Nov-23 22:37:40" - prescriber_reseach - INFO - spark_session() is started. The 'TEST' envn is used.
"06-Nov-23 22:37:40" - prescriber_reseach - INFO - Spark Object is created...
"06-Nov-23 22:37:41" - prescriber_reseach - INFO - The input File file:////home/phillipefs/spark-applications/pyspark-end-to-end-application/staging/dimension_city/us_cities_dimension.parquet is loaded to the data frame. The read_file_to_dataframe() Function is completed.
"06-Nov-23 22:37:41" - prescriber_reseach - INFO - Creating Dataframe City
"06-Nov-23 22:37:41" - prescriber_reseach - INFO - load_files() is Started ...
"06-Nov-23 22:37:41" - prescriber_reseach - INFO - spark_session() is started. The 'TEST' envn is used.
"06-Nov-23 22:37:41" - prescriber_reseach - INFO - Spark Object is created...
"06-Nov-23 22:37:41" - prescriber_reseach - INFO - The input File file:///home/phillipefs/spark-applications/pyspark-end-to-end-application/staging/dimension_city/us_cities_dimension.parquet is loaded to the data frame. The read_file_to_dataframe() Function is completed.
"06-Nov-23 22:37:41" - prescriber_reseach - INFO - Dataframe City - CountRows: 28338
"06-Nov-23 22:37:41" - prescriber_reseach - INFO - Creating Dataframe Fact
"06-Nov-23 22:37:41" - prescriber_reseach - INFO - load_files() is Started ...
"06-Nov-23 22:37:41" - prescriber_reseach - INFO - spark_session() is started. The 'TEST' envn is used.
"06-Nov-23 22:37:41" - prescriber_reseach - INFO - Spark Object is created...
"06-Nov-23 22:37:43" - prescriber_reseach - INFO - The input File file:///home/phillipefs/spark-applications/pyspark-end-to-end-application/staging/fact/USA_Presc_Medicare_Data_12021.csv is loaded to the data frame. The read_file_to_dataframe() Function is completed.
"06-Nov-23 22:37:44" - prescriber_reseach - INFO - Dataframe Fact - CountRows: 1329329
"06-Nov-23 22:37:44" - prescriber_reseach - INFO - data_clean() is started for df_city dataframe...
"06-Nov-23 22:37:44" - prescriber_reseach - INFO - data_clean() is started for df_fact dataframe...
