[2023-11-08T07:57:54.722-0300] {processor.py:157} INFO - Started process (PID=6328) to work on /home/phillipefs/spark-applications/pyspark-end-to-end-application/airflow/dags/dag_prescriber_reseach.py
[2023-11-08T07:57:54.723-0300] {processor.py:826} INFO - Processing file /home/phillipefs/spark-applications/pyspark-end-to-end-application/airflow/dags/dag_prescriber_reseach.py for tasks to queue
[2023-11-08T07:57:54.723-0300] {logging_mixin.py:149} INFO - [2023-11-08T07:57:54.723-0300] {dagbag.py:541} INFO - Filling up the DagBag from /home/phillipefs/spark-applications/pyspark-end-to-end-application/airflow/dags/dag_prescriber_reseach.py
[2023-11-08T07:57:54.728-0300] {processor.py:836} INFO - DAG(s) dict_keys(['list_hdfs_directory']) retrieved from /home/phillipefs/spark-applications/pyspark-end-to-end-application/airflow/dags/dag_prescriber_reseach.py
[2023-11-08T07:57:54.787-0300] {logging_mixin.py:149} INFO - [2023-11-08T07:57:54.786-0300] {manager.py:504} INFO - Created Permission View: can edit on DAG:list_hdfs_directory
[2023-11-08T07:57:54.793-0300] {logging_mixin.py:149} INFO - [2023-11-08T07:57:54.793-0300] {manager.py:504} INFO - Created Permission View: can read on DAG:list_hdfs_directory
[2023-11-08T07:57:54.798-0300] {logging_mixin.py:149} INFO - [2023-11-08T07:57:54.798-0300] {manager.py:504} INFO - Created Permission View: can delete on DAG:list_hdfs_directory
[2023-11-08T07:57:54.798-0300] {logging_mixin.py:149} INFO - [2023-11-08T07:57:54.798-0300] {dag.py:2726} INFO - Sync 1 DAGs
[2023-11-08T07:57:54.804-0300] {logging_mixin.py:149} INFO - [2023-11-08T07:57:54.804-0300] {dag.py:2747} INFO - Creating ORM DAG for list_hdfs_directory
[2023-11-08T07:57:54.808-0300] {logging_mixin.py:149} INFO - [2023-11-08T07:57:54.808-0300] {dag.py:3486} INFO - Setting next_dagrun for list_hdfs_directory to None, run_after=None
[2023-11-08T07:57:54.817-0300] {processor.py:179} INFO - Processing /home/phillipefs/spark-applications/pyspark-end-to-end-application/airflow/dags/dag_prescriber_reseach.py took 0.096 seconds
[2023-11-08T07:58:25.187-0300] {processor.py:157} INFO - Started process (PID=6485) to work on /home/phillipefs/spark-applications/pyspark-end-to-end-application/airflow/dags/dag_prescriber_reseach.py
[2023-11-08T07:58:25.188-0300] {processor.py:826} INFO - Processing file /home/phillipefs/spark-applications/pyspark-end-to-end-application/airflow/dags/dag_prescriber_reseach.py for tasks to queue
[2023-11-08T07:58:25.188-0300] {logging_mixin.py:149} INFO - [2023-11-08T07:58:25.188-0300] {dagbag.py:541} INFO - Filling up the DagBag from /home/phillipefs/spark-applications/pyspark-end-to-end-application/airflow/dags/dag_prescriber_reseach.py
[2023-11-08T07:58:25.194-0300] {processor.py:836} INFO - DAG(s) dict_keys(['list_hdfs_directory']) retrieved from /home/phillipefs/spark-applications/pyspark-end-to-end-application/airflow/dags/dag_prescriber_reseach.py
[2023-11-08T07:58:25.204-0300] {logging_mixin.py:149} INFO - [2023-11-08T07:58:25.204-0300] {dag.py:2726} INFO - Sync 1 DAGs
[2023-11-08T07:58:25.214-0300] {logging_mixin.py:149} INFO - [2023-11-08T07:58:25.214-0300] {dag.py:3486} INFO - Setting next_dagrun for list_hdfs_directory to None, run_after=None
[2023-11-08T07:58:25.250-0300] {processor.py:179} INFO - Processing /home/phillipefs/spark-applications/pyspark-end-to-end-application/airflow/dags/dag_prescriber_reseach.py took 0.064 seconds
[2023-11-08T07:58:50.335-0300] {processor.py:157} INFO - Started process (PID=6595) to work on /home/phillipefs/spark-applications/pyspark-end-to-end-application/airflow/dags/dag_prescriber_reseach.py
[2023-11-08T07:58:50.343-0300] {processor.py:826} INFO - Processing file /home/phillipefs/spark-applications/pyspark-end-to-end-application/airflow/dags/dag_prescriber_reseach.py for tasks to queue
[2023-11-08T07:58:50.343-0300] {logging_mixin.py:149} INFO - [2023-11-08T07:58:50.343-0300] {dagbag.py:541} INFO - Filling up the DagBag from /home/phillipefs/spark-applications/pyspark-end-to-end-application/airflow/dags/dag_prescriber_reseach.py
[2023-11-08T07:58:50.348-0300] {processor.py:836} INFO - DAG(s) dict_keys(['list_hdfs_directory']) retrieved from /home/phillipefs/spark-applications/pyspark-end-to-end-application/airflow/dags/dag_prescriber_reseach.py
[2023-11-08T07:58:50.370-0300] {logging_mixin.py:149} INFO - [2023-11-08T07:58:50.370-0300] {dag.py:2726} INFO - Sync 1 DAGs
[2023-11-08T07:58:50.378-0300] {logging_mixin.py:149} INFO - [2023-11-08T07:58:50.378-0300] {dag.py:3486} INFO - Setting next_dagrun for list_hdfs_directory to None, run_after=None
[2023-11-08T07:58:50.390-0300] {processor.py:179} INFO - Processing /home/phillipefs/spark-applications/pyspark-end-to-end-application/airflow/dags/dag_prescriber_reseach.py took 0.057 seconds
[2023-11-08T07:59:00.400-0300] {processor.py:157} INFO - Started process (PID=6663) to work on /home/phillipefs/spark-applications/pyspark-end-to-end-application/airflow/dags/dag_prescriber_reseach.py
[2023-11-08T07:59:00.400-0300] {processor.py:826} INFO - Processing file /home/phillipefs/spark-applications/pyspark-end-to-end-application/airflow/dags/dag_prescriber_reseach.py for tasks to queue
[2023-11-08T07:59:00.401-0300] {logging_mixin.py:149} INFO - [2023-11-08T07:59:00.401-0300] {dagbag.py:541} INFO - Filling up the DagBag from /home/phillipefs/spark-applications/pyspark-end-to-end-application/airflow/dags/dag_prescriber_reseach.py
[2023-11-08T07:59:00.407-0300] {processor.py:836} INFO - DAG(s) dict_keys(['list_hdfs_directory']) retrieved from /home/phillipefs/spark-applications/pyspark-end-to-end-application/airflow/dags/dag_prescriber_reseach.py
[2023-11-08T07:59:00.411-0300] {logging_mixin.py:149} INFO - [2023-11-08T07:59:00.411-0300] {dag.py:2726} INFO - Sync 1 DAGs
[2023-11-08T07:59:00.420-0300] {logging_mixin.py:149} INFO - [2023-11-08T07:59:00.420-0300] {dag.py:3486} INFO - Setting next_dagrun for list_hdfs_directory to None, run_after=None
[2023-11-08T07:59:00.431-0300] {processor.py:179} INFO - Processing /home/phillipefs/spark-applications/pyspark-end-to-end-application/airflow/dags/dag_prescriber_reseach.py took 0.033 seconds
[2023-11-08T07:59:02.547-0300] {processor.py:157} INFO - Started process (PID=6685) to work on /home/phillipefs/spark-applications/pyspark-end-to-end-application/airflow/dags/dag_prescriber_reseach.py
[2023-11-08T07:59:02.547-0300] {processor.py:826} INFO - Processing file /home/phillipefs/spark-applications/pyspark-end-to-end-application/airflow/dags/dag_prescriber_reseach.py for tasks to queue
[2023-11-08T07:59:02.548-0300] {logging_mixin.py:149} INFO - [2023-11-08T07:59:02.548-0300] {dagbag.py:541} INFO - Filling up the DagBag from /home/phillipefs/spark-applications/pyspark-end-to-end-application/airflow/dags/dag_prescriber_reseach.py
[2023-11-08T07:59:02.553-0300] {processor.py:836} INFO - DAG(s) dict_keys(['list_hdfs_directory']) retrieved from /home/phillipefs/spark-applications/pyspark-end-to-end-application/airflow/dags/dag_prescriber_reseach.py
[2023-11-08T07:59:02.557-0300] {logging_mixin.py:149} INFO - [2023-11-08T07:59:02.557-0300] {dag.py:2726} INFO - Sync 1 DAGs
[2023-11-08T07:59:02.566-0300] {logging_mixin.py:149} INFO - [2023-11-08T07:59:02.566-0300] {dag.py:3486} INFO - Setting next_dagrun for list_hdfs_directory to None, run_after=None
[2023-11-08T07:59:02.577-0300] {processor.py:179} INFO - Processing /home/phillipefs/spark-applications/pyspark-end-to-end-application/airflow/dags/dag_prescriber_reseach.py took 0.032 seconds
[2023-11-08T07:59:06.449-0300] {processor.py:157} INFO - Started process (PID=6714) to work on /home/phillipefs/spark-applications/pyspark-end-to-end-application/airflow/dags/dag_prescriber_reseach.py
[2023-11-08T07:59:06.449-0300] {processor.py:826} INFO - Processing file /home/phillipefs/spark-applications/pyspark-end-to-end-application/airflow/dags/dag_prescriber_reseach.py for tasks to queue
[2023-11-08T07:59:06.450-0300] {logging_mixin.py:149} INFO - [2023-11-08T07:59:06.450-0300] {dagbag.py:541} INFO - Filling up the DagBag from /home/phillipefs/spark-applications/pyspark-end-to-end-application/airflow/dags/dag_prescriber_reseach.py
[2023-11-08T07:59:06.455-0300] {processor.py:836} INFO - DAG(s) dict_keys(['list_hdfs_directory']) retrieved from /home/phillipefs/spark-applications/pyspark-end-to-end-application/airflow/dags/dag_prescriber_reseach.py
[2023-11-08T07:59:06.458-0300] {logging_mixin.py:149} INFO - [2023-11-08T07:59:06.458-0300] {dag.py:2726} INFO - Sync 1 DAGs
[2023-11-08T07:59:06.467-0300] {logging_mixin.py:149} INFO - [2023-11-08T07:59:06.467-0300] {dag.py:3486} INFO - Setting next_dagrun for list_hdfs_directory to None, run_after=None
[2023-11-08T07:59:06.479-0300] {processor.py:179} INFO - Processing /home/phillipefs/spark-applications/pyspark-end-to-end-application/airflow/dags/dag_prescriber_reseach.py took 0.031 seconds
[2023-11-08T07:59:14.456-0300] {processor.py:157} INFO - Started process (PID=6765) to work on /home/phillipefs/spark-applications/pyspark-end-to-end-application/airflow/dags/dag_prescriber_reseach.py
[2023-11-08T07:59:14.456-0300] {processor.py:826} INFO - Processing file /home/phillipefs/spark-applications/pyspark-end-to-end-application/airflow/dags/dag_prescriber_reseach.py for tasks to queue
[2023-11-08T07:59:14.456-0300] {logging_mixin.py:149} INFO - [2023-11-08T07:59:14.456-0300] {dagbag.py:541} INFO - Filling up the DagBag from /home/phillipefs/spark-applications/pyspark-end-to-end-application/airflow/dags/dag_prescriber_reseach.py
[2023-11-08T07:59:14.462-0300] {processor.py:836} INFO - DAG(s) dict_keys(['list_hdfs_directory']) retrieved from /home/phillipefs/spark-applications/pyspark-end-to-end-application/airflow/dags/dag_prescriber_reseach.py
[2023-11-08T07:59:14.465-0300] {logging_mixin.py:149} INFO - [2023-11-08T07:59:14.465-0300] {dag.py:2726} INFO - Sync 1 DAGs
[2023-11-08T07:59:14.474-0300] {logging_mixin.py:149} INFO - [2023-11-08T07:59:14.474-0300] {dag.py:3486} INFO - Setting next_dagrun for list_hdfs_directory to None, run_after=None
[2023-11-08T07:59:14.485-0300] {processor.py:179} INFO - Processing /home/phillipefs/spark-applications/pyspark-end-to-end-application/airflow/dags/dag_prescriber_reseach.py took 0.031 seconds
[2023-11-08T07:59:15.586-0300] {processor.py:157} INFO - Started process (PID=6774) to work on /home/phillipefs/spark-applications/pyspark-end-to-end-application/airflow/dags/dag_prescriber_reseach.py
[2023-11-08T07:59:15.586-0300] {processor.py:826} INFO - Processing file /home/phillipefs/spark-applications/pyspark-end-to-end-application/airflow/dags/dag_prescriber_reseach.py for tasks to queue
[2023-11-08T07:59:15.587-0300] {logging_mixin.py:149} INFO - [2023-11-08T07:59:15.587-0300] {dagbag.py:541} INFO - Filling up the DagBag from /home/phillipefs/spark-applications/pyspark-end-to-end-application/airflow/dags/dag_prescriber_reseach.py
[2023-11-08T07:59:15.592-0300] {processor.py:836} INFO - DAG(s) dict_keys(['list_hdfs_directory']) retrieved from /home/phillipefs/spark-applications/pyspark-end-to-end-application/airflow/dags/dag_prescriber_reseach.py
[2023-11-08T07:59:15.595-0300] {logging_mixin.py:149} INFO - [2023-11-08T07:59:15.595-0300] {dag.py:2726} INFO - Sync 1 DAGs
[2023-11-08T07:59:15.604-0300] {logging_mixin.py:149} INFO - [2023-11-08T07:59:15.604-0300] {dag.py:3486} INFO - Setting next_dagrun for list_hdfs_directory to None, run_after=None
[2023-11-08T07:59:15.615-0300] {processor.py:179} INFO - Processing /home/phillipefs/spark-applications/pyspark-end-to-end-application/airflow/dags/dag_prescriber_reseach.py took 0.030 seconds
[2023-11-08T07:59:20.613-0300] {processor.py:157} INFO - Started process (PID=6804) to work on /home/phillipefs/spark-applications/pyspark-end-to-end-application/airflow/dags/dag_prescriber_reseach.py
[2023-11-08T07:59:20.613-0300] {processor.py:826} INFO - Processing file /home/phillipefs/spark-applications/pyspark-end-to-end-application/airflow/dags/dag_prescriber_reseach.py for tasks to queue
[2023-11-08T07:59:20.614-0300] {logging_mixin.py:149} INFO - [2023-11-08T07:59:20.614-0300] {dagbag.py:541} INFO - Filling up the DagBag from /home/phillipefs/spark-applications/pyspark-end-to-end-application/airflow/dags/dag_prescriber_reseach.py
[2023-11-08T07:59:20.619-0300] {processor.py:836} INFO - DAG(s) dict_keys(['list_hdfs_directory']) retrieved from /home/phillipefs/spark-applications/pyspark-end-to-end-application/airflow/dags/dag_prescriber_reseach.py
[2023-11-08T07:59:20.640-0300] {logging_mixin.py:149} INFO - [2023-11-08T07:59:20.640-0300] {dag.py:2726} INFO - Sync 1 DAGs
[2023-11-08T07:59:20.648-0300] {logging_mixin.py:149} INFO - [2023-11-08T07:59:20.648-0300] {dag.py:3486} INFO - Setting next_dagrun for list_hdfs_directory to None, run_after=None
[2023-11-08T07:59:20.660-0300] {processor.py:179} INFO - Processing /home/phillipefs/spark-applications/pyspark-end-to-end-application/airflow/dags/dag_prescriber_reseach.py took 0.048 seconds
[2023-11-08T07:59:50.778-0300] {processor.py:157} INFO - Started process (PID=7161) to work on /home/phillipefs/spark-applications/pyspark-end-to-end-application/airflow/dags/dag_prescriber_reseach.py
[2023-11-08T07:59:50.785-0300] {processor.py:826} INFO - Processing file /home/phillipefs/spark-applications/pyspark-end-to-end-application/airflow/dags/dag_prescriber_reseach.py for tasks to queue
[2023-11-08T07:59:50.785-0300] {logging_mixin.py:149} INFO - [2023-11-08T07:59:50.785-0300] {dagbag.py:541} INFO - Filling up the DagBag from /home/phillipefs/spark-applications/pyspark-end-to-end-application/airflow/dags/dag_prescriber_reseach.py
[2023-11-08T07:59:50.790-0300] {processor.py:836} INFO - DAG(s) dict_keys(['list_hdfs_directory']) retrieved from /home/phillipefs/spark-applications/pyspark-end-to-end-application/airflow/dags/dag_prescriber_reseach.py
[2023-11-08T07:59:50.799-0300] {logging_mixin.py:149} INFO - [2023-11-08T07:59:50.799-0300] {dag.py:2726} INFO - Sync 1 DAGs
[2023-11-08T07:59:50.807-0300] {logging_mixin.py:149} INFO - [2023-11-08T07:59:50.807-0300] {dag.py:3486} INFO - Setting next_dagrun for list_hdfs_directory to None, run_after=None
[2023-11-08T07:59:50.819-0300] {processor.py:179} INFO - Processing /home/phillipefs/spark-applications/pyspark-end-to-end-application/airflow/dags/dag_prescriber_reseach.py took 0.043 seconds
[2023-11-08T08:00:20.971-0300] {processor.py:157} INFO - Started process (PID=7433) to work on /home/phillipefs/spark-applications/pyspark-end-to-end-application/airflow/dags/dag_prescriber_reseach.py
[2023-11-08T08:00:20.972-0300] {processor.py:826} INFO - Processing file /home/phillipefs/spark-applications/pyspark-end-to-end-application/airflow/dags/dag_prescriber_reseach.py for tasks to queue
[2023-11-08T08:00:20.972-0300] {logging_mixin.py:149} INFO - [2023-11-08T08:00:20.972-0300] {dagbag.py:541} INFO - Filling up the DagBag from /home/phillipefs/spark-applications/pyspark-end-to-end-application/airflow/dags/dag_prescriber_reseach.py
[2023-11-08T08:00:20.977-0300] {processor.py:836} INFO - DAG(s) dict_keys(['list_hdfs_directory']) retrieved from /home/phillipefs/spark-applications/pyspark-end-to-end-application/airflow/dags/dag_prescriber_reseach.py
[2023-11-08T08:00:20.986-0300] {logging_mixin.py:149} INFO - [2023-11-08T08:00:20.986-0300] {dag.py:2726} INFO - Sync 1 DAGs
[2023-11-08T08:00:20.994-0300] {logging_mixin.py:149} INFO - [2023-11-08T08:00:20.994-0300] {dag.py:3486} INFO - Setting next_dagrun for list_hdfs_directory to None, run_after=None
[2023-11-08T08:00:21.005-0300] {processor.py:179} INFO - Processing /home/phillipefs/spark-applications/pyspark-end-to-end-application/airflow/dags/dag_prescriber_reseach.py took 0.035 seconds
[2023-11-08T08:00:51.173-0300] {processor.py:157} INFO - Started process (PID=7547) to work on /home/phillipefs/spark-applications/pyspark-end-to-end-application/airflow/dags/dag_prescriber_reseach.py
[2023-11-08T08:00:51.174-0300] {processor.py:826} INFO - Processing file /home/phillipefs/spark-applications/pyspark-end-to-end-application/airflow/dags/dag_prescriber_reseach.py for tasks to queue
[2023-11-08T08:00:51.174-0300] {logging_mixin.py:149} INFO - [2023-11-08T08:00:51.174-0300] {dagbag.py:541} INFO - Filling up the DagBag from /home/phillipefs/spark-applications/pyspark-end-to-end-application/airflow/dags/dag_prescriber_reseach.py
[2023-11-08T08:00:51.179-0300] {processor.py:836} INFO - DAG(s) dict_keys(['list_hdfs_directory']) retrieved from /home/phillipefs/spark-applications/pyspark-end-to-end-application/airflow/dags/dag_prescriber_reseach.py
[2023-11-08T08:00:51.188-0300] {logging_mixin.py:149} INFO - [2023-11-08T08:00:51.188-0300] {dag.py:2726} INFO - Sync 1 DAGs
[2023-11-08T08:00:51.197-0300] {logging_mixin.py:149} INFO - [2023-11-08T08:00:51.197-0300] {dag.py:3486} INFO - Setting next_dagrun for list_hdfs_directory to None, run_after=None
[2023-11-08T08:00:51.207-0300] {processor.py:179} INFO - Processing /home/phillipefs/spark-applications/pyspark-end-to-end-application/airflow/dags/dag_prescriber_reseach.py took 0.035 seconds
[2023-11-08T08:01:21.394-0300] {processor.py:157} INFO - Started process (PID=7661) to work on /home/phillipefs/spark-applications/pyspark-end-to-end-application/airflow/dags/dag_prescriber_reseach.py
[2023-11-08T08:01:21.394-0300] {processor.py:826} INFO - Processing file /home/phillipefs/spark-applications/pyspark-end-to-end-application/airflow/dags/dag_prescriber_reseach.py for tasks to queue
[2023-11-08T08:01:21.394-0300] {logging_mixin.py:149} INFO - [2023-11-08T08:01:21.394-0300] {dagbag.py:541} INFO - Filling up the DagBag from /home/phillipefs/spark-applications/pyspark-end-to-end-application/airflow/dags/dag_prescriber_reseach.py
[2023-11-08T08:01:21.399-0300] {processor.py:836} INFO - DAG(s) dict_keys(['list_hdfs_directory']) retrieved from /home/phillipefs/spark-applications/pyspark-end-to-end-application/airflow/dags/dag_prescriber_reseach.py
[2023-11-08T08:01:21.408-0300] {logging_mixin.py:149} INFO - [2023-11-08T08:01:21.408-0300] {dag.py:2726} INFO - Sync 1 DAGs
[2023-11-08T08:01:21.417-0300] {logging_mixin.py:149} INFO - [2023-11-08T08:01:21.417-0300] {dag.py:3486} INFO - Setting next_dagrun for list_hdfs_directory to None, run_after=None
[2023-11-08T08:01:21.427-0300] {processor.py:179} INFO - Processing /home/phillipefs/spark-applications/pyspark-end-to-end-application/airflow/dags/dag_prescriber_reseach.py took 0.034 seconds
[2023-11-08T08:01:51.604-0300] {processor.py:157} INFO - Started process (PID=7786) to work on /home/phillipefs/spark-applications/pyspark-end-to-end-application/airflow/dags/dag_prescriber_reseach.py
[2023-11-08T08:01:51.604-0300] {processor.py:826} INFO - Processing file /home/phillipefs/spark-applications/pyspark-end-to-end-application/airflow/dags/dag_prescriber_reseach.py for tasks to queue
[2023-11-08T08:01:51.605-0300] {logging_mixin.py:149} INFO - [2023-11-08T08:01:51.605-0300] {dagbag.py:541} INFO - Filling up the DagBag from /home/phillipefs/spark-applications/pyspark-end-to-end-application/airflow/dags/dag_prescriber_reseach.py
[2023-11-08T08:01:51.609-0300] {processor.py:836} INFO - DAG(s) dict_keys(['list_hdfs_directory']) retrieved from /home/phillipefs/spark-applications/pyspark-end-to-end-application/airflow/dags/dag_prescriber_reseach.py
[2023-11-08T08:01:51.618-0300] {logging_mixin.py:149} INFO - [2023-11-08T08:01:51.618-0300] {dag.py:2726} INFO - Sync 1 DAGs
[2023-11-08T08:01:51.627-0300] {logging_mixin.py:149} INFO - [2023-11-08T08:01:51.627-0300] {dag.py:3486} INFO - Setting next_dagrun for list_hdfs_directory to None, run_after=None
[2023-11-08T08:01:51.637-0300] {processor.py:179} INFO - Processing /home/phillipefs/spark-applications/pyspark-end-to-end-application/airflow/dags/dag_prescriber_reseach.py took 0.035 seconds
[2023-11-08T08:02:21.828-0300] {processor.py:157} INFO - Started process (PID=7895) to work on /home/phillipefs/spark-applications/pyspark-end-to-end-application/airflow/dags/dag_prescriber_reseach.py
[2023-11-08T08:02:21.829-0300] {processor.py:826} INFO - Processing file /home/phillipefs/spark-applications/pyspark-end-to-end-application/airflow/dags/dag_prescriber_reseach.py for tasks to queue
[2023-11-08T08:02:21.829-0300] {logging_mixin.py:149} INFO - [2023-11-08T08:02:21.829-0300] {dagbag.py:541} INFO - Filling up the DagBag from /home/phillipefs/spark-applications/pyspark-end-to-end-application/airflow/dags/dag_prescriber_reseach.py
[2023-11-08T08:02:21.834-0300] {processor.py:836} INFO - DAG(s) dict_keys(['list_hdfs_directory']) retrieved from /home/phillipefs/spark-applications/pyspark-end-to-end-application/airflow/dags/dag_prescriber_reseach.py
[2023-11-08T08:02:21.844-0300] {logging_mixin.py:149} INFO - [2023-11-08T08:02:21.844-0300] {dag.py:2726} INFO - Sync 1 DAGs
[2023-11-08T08:02:21.852-0300] {logging_mixin.py:149} INFO - [2023-11-08T08:02:21.852-0300] {dag.py:3486} INFO - Setting next_dagrun for list_hdfs_directory to None, run_after=None
[2023-11-08T08:02:21.864-0300] {processor.py:179} INFO - Processing /home/phillipefs/spark-applications/pyspark-end-to-end-application/airflow/dags/dag_prescriber_reseach.py took 0.037 seconds
[2023-11-08T08:02:52.049-0300] {processor.py:157} INFO - Started process (PID=8011) to work on /home/phillipefs/spark-applications/pyspark-end-to-end-application/airflow/dags/dag_prescriber_reseach.py
[2023-11-08T08:02:52.057-0300] {processor.py:826} INFO - Processing file /home/phillipefs/spark-applications/pyspark-end-to-end-application/airflow/dags/dag_prescriber_reseach.py for tasks to queue
[2023-11-08T08:02:52.058-0300] {logging_mixin.py:149} INFO - [2023-11-08T08:02:52.058-0300] {dagbag.py:541} INFO - Filling up the DagBag from /home/phillipefs/spark-applications/pyspark-end-to-end-application/airflow/dags/dag_prescriber_reseach.py
[2023-11-08T08:02:52.063-0300] {processor.py:836} INFO - DAG(s) dict_keys(['list_hdfs_directory']) retrieved from /home/phillipefs/spark-applications/pyspark-end-to-end-application/airflow/dags/dag_prescriber_reseach.py
[2023-11-08T08:02:52.073-0300] {logging_mixin.py:149} INFO - [2023-11-08T08:02:52.073-0300] {dag.py:2726} INFO - Sync 1 DAGs
[2023-11-08T08:02:52.082-0300] {logging_mixin.py:149} INFO - [2023-11-08T08:02:52.082-0300] {dag.py:3486} INFO - Setting next_dagrun for list_hdfs_directory to None, run_after=None
[2023-11-08T08:02:52.093-0300] {processor.py:179} INFO - Processing /home/phillipefs/spark-applications/pyspark-end-to-end-application/airflow/dags/dag_prescriber_reseach.py took 0.045 seconds
[2023-11-08T08:03:22.268-0300] {processor.py:157} INFO - Started process (PID=8133) to work on /home/phillipefs/spark-applications/pyspark-end-to-end-application/airflow/dags/dag_prescriber_reseach.py
[2023-11-08T08:03:22.268-0300] {processor.py:826} INFO - Processing file /home/phillipefs/spark-applications/pyspark-end-to-end-application/airflow/dags/dag_prescriber_reseach.py for tasks to queue
[2023-11-08T08:03:22.269-0300] {logging_mixin.py:149} INFO - [2023-11-08T08:03:22.268-0300] {dagbag.py:541} INFO - Filling up the DagBag from /home/phillipefs/spark-applications/pyspark-end-to-end-application/airflow/dags/dag_prescriber_reseach.py
[2023-11-08T08:03:22.273-0300] {processor.py:836} INFO - DAG(s) dict_keys(['list_hdfs_directory']) retrieved from /home/phillipefs/spark-applications/pyspark-end-to-end-application/airflow/dags/dag_prescriber_reseach.py
[2023-11-08T08:03:22.282-0300] {logging_mixin.py:149} INFO - [2023-11-08T08:03:22.282-0300] {dag.py:2726} INFO - Sync 1 DAGs
[2023-11-08T08:03:22.290-0300] {logging_mixin.py:149} INFO - [2023-11-08T08:03:22.290-0300] {dag.py:3486} INFO - Setting next_dagrun for list_hdfs_directory to None, run_after=None
[2023-11-08T08:03:22.302-0300] {processor.py:179} INFO - Processing /home/phillipefs/spark-applications/pyspark-end-to-end-application/airflow/dags/dag_prescriber_reseach.py took 0.035 seconds
[2023-11-08T08:03:52.470-0300] {processor.py:157} INFO - Started process (PID=8239) to work on /home/phillipefs/spark-applications/pyspark-end-to-end-application/airflow/dags/dag_prescriber_reseach.py
[2023-11-08T08:03:52.478-0300] {processor.py:826} INFO - Processing file /home/phillipefs/spark-applications/pyspark-end-to-end-application/airflow/dags/dag_prescriber_reseach.py for tasks to queue
[2023-11-08T08:03:52.478-0300] {logging_mixin.py:149} INFO - [2023-11-08T08:03:52.478-0300] {dagbag.py:541} INFO - Filling up the DagBag from /home/phillipefs/spark-applications/pyspark-end-to-end-application/airflow/dags/dag_prescriber_reseach.py
[2023-11-08T08:03:52.482-0300] {processor.py:836} INFO - DAG(s) dict_keys(['list_hdfs_directory']) retrieved from /home/phillipefs/spark-applications/pyspark-end-to-end-application/airflow/dags/dag_prescriber_reseach.py
[2023-11-08T08:03:52.491-0300] {logging_mixin.py:149} INFO - [2023-11-08T08:03:52.491-0300] {dag.py:2726} INFO - Sync 1 DAGs
[2023-11-08T08:03:52.499-0300] {logging_mixin.py:149} INFO - [2023-11-08T08:03:52.499-0300] {dag.py:3486} INFO - Setting next_dagrun for list_hdfs_directory to None, run_after=None
[2023-11-08T08:03:52.512-0300] {processor.py:179} INFO - Processing /home/phillipefs/spark-applications/pyspark-end-to-end-application/airflow/dags/dag_prescriber_reseach.py took 0.043 seconds
[2023-11-08T08:04:22.695-0300] {processor.py:157} INFO - Started process (PID=8359) to work on /home/phillipefs/spark-applications/pyspark-end-to-end-application/airflow/dags/dag_prescriber_reseach.py
[2023-11-08T08:04:22.695-0300] {processor.py:826} INFO - Processing file /home/phillipefs/spark-applications/pyspark-end-to-end-application/airflow/dags/dag_prescriber_reseach.py for tasks to queue
[2023-11-08T08:04:22.695-0300] {logging_mixin.py:149} INFO - [2023-11-08T08:04:22.695-0300] {dagbag.py:541} INFO - Filling up the DagBag from /home/phillipefs/spark-applications/pyspark-end-to-end-application/airflow/dags/dag_prescriber_reseach.py
[2023-11-08T08:04:22.700-0300] {processor.py:836} INFO - DAG(s) dict_keys(['list_hdfs_directory']) retrieved from /home/phillipefs/spark-applications/pyspark-end-to-end-application/airflow/dags/dag_prescriber_reseach.py
[2023-11-08T08:04:22.709-0300] {logging_mixin.py:149} INFO - [2023-11-08T08:04:22.709-0300] {dag.py:2726} INFO - Sync 1 DAGs
[2023-11-08T08:04:22.718-0300] {logging_mixin.py:149} INFO - [2023-11-08T08:04:22.718-0300] {dag.py:3486} INFO - Setting next_dagrun for list_hdfs_directory to None, run_after=None
[2023-11-08T08:04:22.730-0300] {processor.py:179} INFO - Processing /home/phillipefs/spark-applications/pyspark-end-to-end-application/airflow/dags/dag_prescriber_reseach.py took 0.037 seconds
[2023-11-08T08:04:52.868-0300] {processor.py:157} INFO - Started process (PID=8514) to work on /home/phillipefs/spark-applications/pyspark-end-to-end-application/airflow/dags/dag_prescriber_reseach.py
[2023-11-08T08:04:52.876-0300] {processor.py:826} INFO - Processing file /home/phillipefs/spark-applications/pyspark-end-to-end-application/airflow/dags/dag_prescriber_reseach.py for tasks to queue
[2023-11-08T08:04:52.877-0300] {logging_mixin.py:149} INFO - [2023-11-08T08:04:52.877-0300] {dagbag.py:541} INFO - Filling up the DagBag from /home/phillipefs/spark-applications/pyspark-end-to-end-application/airflow/dags/dag_prescriber_reseach.py
[2023-11-08T08:04:52.882-0300] {processor.py:836} INFO - DAG(s) dict_keys(['list_hdfs_directory']) retrieved from /home/phillipefs/spark-applications/pyspark-end-to-end-application/airflow/dags/dag_prescriber_reseach.py
[2023-11-08T08:04:52.892-0300] {logging_mixin.py:149} INFO - [2023-11-08T08:04:52.892-0300] {dag.py:2726} INFO - Sync 1 DAGs
[2023-11-08T08:04:52.902-0300] {logging_mixin.py:149} INFO - [2023-11-08T08:04:52.901-0300] {dag.py:3486} INFO - Setting next_dagrun for list_hdfs_directory to None, run_after=None
[2023-11-08T08:04:52.915-0300] {processor.py:179} INFO - Processing /home/phillipefs/spark-applications/pyspark-end-to-end-application/airflow/dags/dag_prescriber_reseach.py took 0.048 seconds
[2023-11-08T08:05:23.043-0300] {processor.py:157} INFO - Started process (PID=8655) to work on /home/phillipefs/spark-applications/pyspark-end-to-end-application/airflow/dags/dag_prescriber_reseach.py
[2023-11-08T08:05:23.044-0300] {processor.py:826} INFO - Processing file /home/phillipefs/spark-applications/pyspark-end-to-end-application/airflow/dags/dag_prescriber_reseach.py for tasks to queue
[2023-11-08T08:05:23.044-0300] {logging_mixin.py:149} INFO - [2023-11-08T08:05:23.044-0300] {dagbag.py:541} INFO - Filling up the DagBag from /home/phillipefs/spark-applications/pyspark-end-to-end-application/airflow/dags/dag_prescriber_reseach.py
[2023-11-08T08:05:23.049-0300] {processor.py:836} INFO - DAG(s) dict_keys(['list_hdfs_directory']) retrieved from /home/phillipefs/spark-applications/pyspark-end-to-end-application/airflow/dags/dag_prescriber_reseach.py
[2023-11-08T08:05:23.059-0300] {logging_mixin.py:149} INFO - [2023-11-08T08:05:23.059-0300] {dag.py:2726} INFO - Sync 1 DAGs
[2023-11-08T08:05:23.068-0300] {logging_mixin.py:149} INFO - [2023-11-08T08:05:23.068-0300] {dag.py:3486} INFO - Setting next_dagrun for list_hdfs_directory to None, run_after=None
[2023-11-08T08:05:23.079-0300] {processor.py:179} INFO - Processing /home/phillipefs/spark-applications/pyspark-end-to-end-application/airflow/dags/dag_prescriber_reseach.py took 0.037 seconds
[2023-11-08T08:05:53.226-0300] {processor.py:157} INFO - Started process (PID=8750) to work on /home/phillipefs/spark-applications/pyspark-end-to-end-application/airflow/dags/dag_prescriber_reseach.py
[2023-11-08T08:05:53.234-0300] {processor.py:826} INFO - Processing file /home/phillipefs/spark-applications/pyspark-end-to-end-application/airflow/dags/dag_prescriber_reseach.py for tasks to queue
[2023-11-08T08:05:53.234-0300] {logging_mixin.py:149} INFO - [2023-11-08T08:05:53.234-0300] {dagbag.py:541} INFO - Filling up the DagBag from /home/phillipefs/spark-applications/pyspark-end-to-end-application/airflow/dags/dag_prescriber_reseach.py
[2023-11-08T08:05:53.239-0300] {processor.py:836} INFO - DAG(s) dict_keys(['list_hdfs_directory']) retrieved from /home/phillipefs/spark-applications/pyspark-end-to-end-application/airflow/dags/dag_prescriber_reseach.py
[2023-11-08T08:05:53.249-0300] {logging_mixin.py:149} INFO - [2023-11-08T08:05:53.249-0300] {dag.py:2726} INFO - Sync 1 DAGs
[2023-11-08T08:05:53.257-0300] {logging_mixin.py:149} INFO - [2023-11-08T08:05:53.257-0300] {dag.py:3486} INFO - Setting next_dagrun for list_hdfs_directory to None, run_after=None
[2023-11-08T08:05:53.270-0300] {processor.py:179} INFO - Processing /home/phillipefs/spark-applications/pyspark-end-to-end-application/airflow/dags/dag_prescriber_reseach.py took 0.046 seconds
[2023-11-08T08:06:23.411-0300] {processor.py:157} INFO - Started process (PID=8879) to work on /home/phillipefs/spark-applications/pyspark-end-to-end-application/airflow/dags/dag_prescriber_reseach.py
[2023-11-08T08:06:23.411-0300] {processor.py:826} INFO - Processing file /home/phillipefs/spark-applications/pyspark-end-to-end-application/airflow/dags/dag_prescriber_reseach.py for tasks to queue
[2023-11-08T08:06:23.411-0300] {logging_mixin.py:149} INFO - [2023-11-08T08:06:23.411-0300] {dagbag.py:541} INFO - Filling up the DagBag from /home/phillipefs/spark-applications/pyspark-end-to-end-application/airflow/dags/dag_prescriber_reseach.py
[2023-11-08T08:06:23.416-0300] {processor.py:836} INFO - DAG(s) dict_keys(['list_hdfs_directory']) retrieved from /home/phillipefs/spark-applications/pyspark-end-to-end-application/airflow/dags/dag_prescriber_reseach.py
[2023-11-08T08:06:23.426-0300] {logging_mixin.py:149} INFO - [2023-11-08T08:06:23.425-0300] {dag.py:2726} INFO - Sync 1 DAGs
[2023-11-08T08:06:23.434-0300] {logging_mixin.py:149} INFO - [2023-11-08T08:06:23.434-0300] {dag.py:3486} INFO - Setting next_dagrun for list_hdfs_directory to None, run_after=None
[2023-11-08T08:06:23.445-0300] {processor.py:179} INFO - Processing /home/phillipefs/spark-applications/pyspark-end-to-end-application/airflow/dags/dag_prescriber_reseach.py took 0.036 seconds
[2023-11-08T08:06:53.638-0300] {processor.py:157} INFO - Started process (PID=9021) to work on /home/phillipefs/spark-applications/pyspark-end-to-end-application/airflow/dags/dag_prescriber_reseach.py
[2023-11-08T08:06:53.638-0300] {processor.py:826} INFO - Processing file /home/phillipefs/spark-applications/pyspark-end-to-end-application/airflow/dags/dag_prescriber_reseach.py for tasks to queue
[2023-11-08T08:06:53.638-0300] {logging_mixin.py:149} INFO - [2023-11-08T08:06:53.638-0300] {dagbag.py:541} INFO - Filling up the DagBag from /home/phillipefs/spark-applications/pyspark-end-to-end-application/airflow/dags/dag_prescriber_reseach.py
[2023-11-08T08:06:53.643-0300] {processor.py:836} INFO - DAG(s) dict_keys(['list_hdfs_directory']) retrieved from /home/phillipefs/spark-applications/pyspark-end-to-end-application/airflow/dags/dag_prescriber_reseach.py
[2023-11-08T08:06:53.653-0300] {logging_mixin.py:149} INFO - [2023-11-08T08:06:53.653-0300] {dag.py:2726} INFO - Sync 1 DAGs
[2023-11-08T08:06:53.661-0300] {logging_mixin.py:149} INFO - [2023-11-08T08:06:53.661-0300] {dag.py:3486} INFO - Setting next_dagrun for list_hdfs_directory to None, run_after=None
[2023-11-08T08:06:53.671-0300] {processor.py:179} INFO - Processing /home/phillipefs/spark-applications/pyspark-end-to-end-application/airflow/dags/dag_prescriber_reseach.py took 0.035 seconds
[2023-11-08T08:07:23.855-0300] {processor.py:157} INFO - Started process (PID=9139) to work on /home/phillipefs/spark-applications/pyspark-end-to-end-application/airflow/dags/dag_prescriber_reseach.py
[2023-11-08T08:07:23.856-0300] {processor.py:826} INFO - Processing file /home/phillipefs/spark-applications/pyspark-end-to-end-application/airflow/dags/dag_prescriber_reseach.py for tasks to queue
[2023-11-08T08:07:23.856-0300] {logging_mixin.py:149} INFO - [2023-11-08T08:07:23.856-0300] {dagbag.py:541} INFO - Filling up the DagBag from /home/phillipefs/spark-applications/pyspark-end-to-end-application/airflow/dags/dag_prescriber_reseach.py
[2023-11-08T08:07:23.861-0300] {processor.py:836} INFO - DAG(s) dict_keys(['list_hdfs_directory']) retrieved from /home/phillipefs/spark-applications/pyspark-end-to-end-application/airflow/dags/dag_prescriber_reseach.py
[2023-11-08T08:07:23.870-0300] {logging_mixin.py:149} INFO - [2023-11-08T08:07:23.870-0300] {dag.py:2726} INFO - Sync 1 DAGs
[2023-11-08T08:07:23.878-0300] {logging_mixin.py:149} INFO - [2023-11-08T08:07:23.878-0300] {dag.py:3486} INFO - Setting next_dagrun for list_hdfs_directory to None, run_after=None
[2023-11-08T08:07:23.889-0300] {processor.py:179} INFO - Processing /home/phillipefs/spark-applications/pyspark-end-to-end-application/airflow/dags/dag_prescriber_reseach.py took 0.035 seconds
[2023-11-08T08:07:54.042-0300] {processor.py:157} INFO - Started process (PID=9245) to work on /home/phillipefs/spark-applications/pyspark-end-to-end-application/airflow/dags/dag_prescriber_reseach.py
[2023-11-08T08:07:54.042-0300] {processor.py:826} INFO - Processing file /home/phillipefs/spark-applications/pyspark-end-to-end-application/airflow/dags/dag_prescriber_reseach.py for tasks to queue
[2023-11-08T08:07:54.043-0300] {logging_mixin.py:149} INFO - [2023-11-08T08:07:54.043-0300] {dagbag.py:541} INFO - Filling up the DagBag from /home/phillipefs/spark-applications/pyspark-end-to-end-application/airflow/dags/dag_prescriber_reseach.py
[2023-11-08T08:07:54.048-0300] {processor.py:836} INFO - DAG(s) dict_keys(['list_hdfs_directory']) retrieved from /home/phillipefs/spark-applications/pyspark-end-to-end-application/airflow/dags/dag_prescriber_reseach.py
[2023-11-08T08:07:54.057-0300] {logging_mixin.py:149} INFO - [2023-11-08T08:07:54.056-0300] {dag.py:2726} INFO - Sync 1 DAGs
[2023-11-08T08:07:54.065-0300] {logging_mixin.py:149} INFO - [2023-11-08T08:07:54.065-0300] {dag.py:3486} INFO - Setting next_dagrun for list_hdfs_directory to None, run_after=None
[2023-11-08T08:07:54.076-0300] {processor.py:179} INFO - Processing /home/phillipefs/spark-applications/pyspark-end-to-end-application/airflow/dags/dag_prescriber_reseach.py took 0.035 seconds
[2023-11-08T08:08:24.238-0300] {processor.py:157} INFO - Started process (PID=9364) to work on /home/phillipefs/spark-applications/pyspark-end-to-end-application/airflow/dags/dag_prescriber_reseach.py
[2023-11-08T08:08:24.238-0300] {processor.py:826} INFO - Processing file /home/phillipefs/spark-applications/pyspark-end-to-end-application/airflow/dags/dag_prescriber_reseach.py for tasks to queue
[2023-11-08T08:08:24.238-0300] {logging_mixin.py:149} INFO - [2023-11-08T08:08:24.238-0300] {dagbag.py:541} INFO - Filling up the DagBag from /home/phillipefs/spark-applications/pyspark-end-to-end-application/airflow/dags/dag_prescriber_reseach.py
[2023-11-08T08:08:24.243-0300] {processor.py:836} INFO - DAG(s) dict_keys(['list_hdfs_directory']) retrieved from /home/phillipefs/spark-applications/pyspark-end-to-end-application/airflow/dags/dag_prescriber_reseach.py
[2023-11-08T08:08:24.252-0300] {logging_mixin.py:149} INFO - [2023-11-08T08:08:24.252-0300] {dag.py:2726} INFO - Sync 1 DAGs
[2023-11-08T08:08:24.261-0300] {logging_mixin.py:149} INFO - [2023-11-08T08:08:24.261-0300] {dag.py:3486} INFO - Setting next_dagrun for list_hdfs_directory to None, run_after=None
[2023-11-08T08:08:24.272-0300] {processor.py:179} INFO - Processing /home/phillipefs/spark-applications/pyspark-end-to-end-application/airflow/dags/dag_prescriber_reseach.py took 0.036 seconds
[2023-11-08T08:08:54.436-0300] {processor.py:157} INFO - Started process (PID=9546) to work on /home/phillipefs/spark-applications/pyspark-end-to-end-application/airflow/dags/dag_prescriber_reseach.py
[2023-11-08T08:08:54.437-0300] {processor.py:826} INFO - Processing file /home/phillipefs/spark-applications/pyspark-end-to-end-application/airflow/dags/dag_prescriber_reseach.py for tasks to queue
[2023-11-08T08:08:54.437-0300] {logging_mixin.py:149} INFO - [2023-11-08T08:08:54.437-0300] {dagbag.py:541} INFO - Filling up the DagBag from /home/phillipefs/spark-applications/pyspark-end-to-end-application/airflow/dags/dag_prescriber_reseach.py
[2023-11-08T08:08:54.442-0300] {processor.py:836} INFO - DAG(s) dict_keys(['list_hdfs_directory']) retrieved from /home/phillipefs/spark-applications/pyspark-end-to-end-application/airflow/dags/dag_prescriber_reseach.py
[2023-11-08T08:08:54.451-0300] {logging_mixin.py:149} INFO - [2023-11-08T08:08:54.451-0300] {dag.py:2726} INFO - Sync 1 DAGs
[2023-11-08T08:08:54.460-0300] {logging_mixin.py:149} INFO - [2023-11-08T08:08:54.460-0300] {dag.py:3486} INFO - Setting next_dagrun for list_hdfs_directory to None, run_after=None
[2023-11-08T08:08:54.470-0300] {processor.py:179} INFO - Processing /home/phillipefs/spark-applications/pyspark-end-to-end-application/airflow/dags/dag_prescriber_reseach.py took 0.036 seconds
[2023-11-08T08:14:35.302-0300] {processor.py:157} INFO - Started process (PID=11268) to work on /home/phillipefs/spark-applications/pyspark-end-to-end-application/airflow/dags/dag_prescriber_reseach.py
[2023-11-08T08:14:35.303-0300] {processor.py:826} INFO - Processing file /home/phillipefs/spark-applications/pyspark-end-to-end-application/airflow/dags/dag_prescriber_reseach.py for tasks to queue
[2023-11-08T08:14:35.303-0300] {logging_mixin.py:149} INFO - [2023-11-08T08:14:35.303-0300] {dagbag.py:541} INFO - Filling up the DagBag from /home/phillipefs/spark-applications/pyspark-end-to-end-application/airflow/dags/dag_prescriber_reseach.py
[2023-11-08T08:14:35.308-0300] {processor.py:836} INFO - DAG(s) dict_keys(['list_hdfs_directory']) retrieved from /home/phillipefs/spark-applications/pyspark-end-to-end-application/airflow/dags/dag_prescriber_reseach.py
[2023-11-08T08:14:35.318-0300] {logging_mixin.py:149} INFO - [2023-11-08T08:14:35.318-0300] {dag.py:2726} INFO - Sync 1 DAGs
[2023-11-08T08:14:35.327-0300] {logging_mixin.py:149} INFO - [2023-11-08T08:14:35.327-0300] {dag.py:3486} INFO - Setting next_dagrun for list_hdfs_directory to None, run_after=None
[2023-11-08T08:14:35.337-0300] {processor.py:179} INFO - Processing /home/phillipefs/spark-applications/pyspark-end-to-end-application/airflow/dags/dag_prescriber_reseach.py took 0.036 seconds
[2023-11-08T08:15:05.420-0300] {processor.py:157} INFO - Started process (PID=11393) to work on /home/phillipefs/spark-applications/pyspark-end-to-end-application/airflow/dags/dag_prescriber_reseach.py
[2023-11-08T08:15:05.420-0300] {processor.py:826} INFO - Processing file /home/phillipefs/spark-applications/pyspark-end-to-end-application/airflow/dags/dag_prescriber_reseach.py for tasks to queue
[2023-11-08T08:15:05.420-0300] {logging_mixin.py:149} INFO - [2023-11-08T08:15:05.420-0300] {dagbag.py:541} INFO - Filling up the DagBag from /home/phillipefs/spark-applications/pyspark-end-to-end-application/airflow/dags/dag_prescriber_reseach.py
[2023-11-08T08:15:05.426-0300] {processor.py:836} INFO - DAG(s) dict_keys(['list_hdfs_directory']) retrieved from /home/phillipefs/spark-applications/pyspark-end-to-end-application/airflow/dags/dag_prescriber_reseach.py
[2023-11-08T08:15:05.436-0300] {logging_mixin.py:149} INFO - [2023-11-08T08:15:05.435-0300] {dag.py:2726} INFO - Sync 1 DAGs
[2023-11-08T08:15:05.444-0300] {logging_mixin.py:149} INFO - [2023-11-08T08:15:05.444-0300] {dag.py:3486} INFO - Setting next_dagrun for list_hdfs_directory to None, run_after=None
[2023-11-08T08:15:05.455-0300] {processor.py:179} INFO - Processing /home/phillipefs/spark-applications/pyspark-end-to-end-application/airflow/dags/dag_prescriber_reseach.py took 0.036 seconds
